#
# A fatal error has been detected by the Java Runtime Environment:
#
#  SIGSEGV (0xb) at pc=0x00007fd530d5cf0c, pid=6947, tid=140553103730432
#
# JRE version: Java(TM) SE Runtime Environment (8.0-b115) (build 1.8.0-ea-b115)
# Java VM: Java HotSpot(TM) 64-Bit Server VM (25.0-b57 mixed mode linux-amd64 compressed oops)
# Problematic frame:
# V  [libjvm.so+0x673f0c]  jni_GetStringUTFChars+0xbc
#
# Failed to write core dump. Core dumps have been disabled. To enable core dumping, try "ulimit -c unlimited" before starting Java again
#
# If you would like to submit a bug report, please visit:
#   http://bugreport.sun.com/bugreport/crash.jsp
#

---------------  T H R E A D  ---------------

Current thread (0x00007fd4d4002800):  JavaThread "nREPL-worker-7" daemon [_thread_in_vm, id=8009, stack(0x00007fd511c1e000,0x00007fd511d1f000)]

siginfo:si_signo=SIGSEGV: si_errno=0, si_code=1 (SEGV_MAPERR), si_addr=0x0000000000000000

Registers:
RAX=0x00007fd5315d16b0, RBX=0x00007fd4d4002800, RCX=0x00007fd52c0062a0, RDX=0x00007fd5315de100
RSP=0x00007fd511d19800, RBP=0x00007fd511d19870, RSI=0x00007fd4d4002800, RDI=0x00007fd511d19810
R8 =0x0000000000000000, R9 =0x00000000f3c7c8a8, R10=0x000000000000023c, R11=0x00007fd5315de108
R12=0x0000000000000000, R13=0x0000000000000000, R14=0x00007fd511d19948, R15=0x00007fd511d19810
RIP=0x00007fd530d5cf0c, EFLAGS=0x0000000000010246, CSGSFS=0x0000000000000033, ERR=0x0000000000000004
  TRAPNO=0x000000000000000e

Top of Stack: (sp=0x00007fd511d19800)
0x00007fd511d19800:   00007fd511d19820 0000000000000000
0x00007fd511d19810:   00007fd4d4002800 0000000000000000
0x00007fd511d19820:   00007fd4b2e13d70 00007fd4d4002800
0x00007fd511d19830:   00007fd4d4002800 00007fd4d4002800
0x00007fd511d19840:   00007fd4b2e13d70 00007fd4b2e13d70
0x00007fd511d19850:   00007fd4b82186f8 0000000000000000
0x00007fd511d19860:   00007fd511d19948 00007fd4d4002800
0x00007fd511d19870:   00007fd4d40029e0 00007fd4b2a5b2b0
0x00007fd511d19880:   00007fd511d198c0 00007fd4b2e13d70
0x00007fd511d19890:   00007fd4b2e13d70 00007fd511d19920
0x00007fd511d198a0:   0000000000000000 00007fd4b2e13d68
0x00007fd511d198b0:   00007fd511d19948 00007fd51c1827b1
0x00007fd511d198c0:   00007fd511d19920 00007fd51c1823b3
0x00007fd511d198d0:   00007fd4d4002800 00000000f3c7c8a8
0x00007fd511d198e0:   00007fd511d198d0 00007fd4b2e13d68
0x00007fd511d198f0:   00007fd511d19948 00007fd4b2e1a678
0x00007fd511d19900:   0000000000000000 00007fd4b2e13d70
0x00007fd511d19910:   0000000000000000 00007fd511d19940
0x00007fd511d19920:   00007fd511d199a8 00007fd51c173fa0
0x00007fd511d19930:   0000000000000000 00007fd51c17bc17
0x00007fd511d19940:   0000000000000000 00000000f3c7c8a8
0x00007fd511d19950:   00000000f3caf1e8 00007fd51c17d7ca
0x00007fd511d19960:   00000000f3c7c8a8 00007fd511d19958
0x00007fd511d19970:   00007fd4b2e17635 00007fd511d199c0
0x00007fd511d19980:   00007fd4b2e19ec8 0000000000000000
0x00007fd511d19990:   00007fd4b2e17680 00007fd511d19940
0x00007fd511d199a0:   00007fd511d199b8 00007fd511d19a08
0x00007fd511d199b0:   00007fd51c1742e0 00000000f3caf1e8
0x00007fd511d199c0:   00000000f3c7c8a8 00007fd511d199c8
0x00007fd511d199d0:   00007fd4b2e3eeef 00007fd511d19a28
0x00007fd511d199e0:   00007fd4b2e415b8 0000000000000000
0x00007fd511d199f0:   00007fd4b2e3ef70 00007fd511d199b8 

Instructions: (pc=0x00007fd530d5cf0c)
0x00007fd530d5ceec:   c7 83 58 02 00 00 06 00 00 00 48 89 de 48 89 5d
0x00007fd530d5cefc:   c0 4c 89 ff e8 9b e8 00 00 48 8b 05 bc 5d 83 00
0x00007fd530d5cf0c:   4d 8b 24 24 8b 10 48 8b 05 5f 87 83 00 80 38 00
0x00007fd530d5cf1c:   0f 84 16 01 00 00 48 63 c2 41 8b 14 04 85 d2 0f 

Register to memory mapping:

RAX=0x00007fd5315d16b0: <offset 0xee86b0> in /usr/lib/jvm/java-8-oracle/jre/lib/amd64/server/libjvm.so at 0x00007fd5306e9000
RBX=0x00007fd4d4002800 is a thread
RCX=0x00007fd52c0062a0 is an unknown value
RDX=0x00007fd5315de100: <offset 0xef5100> in /usr/lib/jvm/java-8-oracle/jre/lib/amd64/server/libjvm.so at 0x00007fd5306e9000
RSP=0x00007fd511d19800 is pointing into the stack for thread: 0x00007fd4d4002800
RBP=0x00007fd511d19870 is pointing into the stack for thread: 0x00007fd4d4002800
RSI=0x00007fd4d4002800 is a thread
RDI=0x00007fd511d19810 is pointing into the stack for thread: 0x00007fd4d4002800
R8 =0x0000000000000000 is an unknown value
R9 =0x00000000f3c7c8a8 is an oop
org.sqlite.NativeDB 
 - klass: 'org/sqlite/NativeDB'
R10=0x000000000000023c is an unknown value
R11=0x00007fd5315de108: <offset 0xef5108> in /usr/lib/jvm/java-8-oracle/jre/lib/amd64/server/libjvm.so at 0x00007fd5306e9000
R12=0x0000000000000000 is an unknown value
R13=0x0000000000000000 is an unknown value
R14=0x00007fd511d19948 is pointing into the stack for thread: 0x00007fd4d4002800
R15=0x00007fd511d19810 is pointing into the stack for thread: 0x00007fd4d4002800


Stack: [0x00007fd511c1e000,0x00007fd511d1f000],  sp=0x00007fd511d19800,  free space=1006k
Native frames: (J=compiled Java code, j=interpreted, Vv=VM code, C=native code)
V  [libjvm.so+0x673f0c]  jni_GetStringUTFChars+0xbc

Java frames: (J=compiled Java code, j=interpreted, Vv=VM code)
j  org.sqlite.NativeDB.prepare(Ljava/lang/String;)J+0
j  org.sqlite.DB.prepare(Lorg/sqlite/Stmt;)V+21
j  org.sqlite.PrepStmt.<init>(Lorg/sqlite/Conn;Ljava/lang/String;)V+15
j  org.sqlite.Conn.prepareStatement(Ljava/lang/String;III)Ljava/sql/PreparedStatement;+14
j  org.sqlite.Conn.prepareStatement(Ljava/lang/String;II)Ljava/sql/PreparedStatement;+5
j  org.sqlite.Conn.prepareStatement(Ljava/lang/String;)Ljava/sql/PreparedStatement;+8
j  clojure.java.jdbc$prepare_statement.doInvoke(Ljava/lang/Object;Ljava/lang/Object;Ljava/lang/Object;)Ljava/lang/Object;+411
J 1258 C1 clojure.lang.RestFn.invoke(Ljava/lang/Object;Ljava/lang/Object;)Ljava/lang/Object; (119 bytes) @ 0x00007fd51c4ac8ac [0x00007fd51c4ac7e0+0xcc]
J 449 C1 clojure.lang.AFn.applyToHelper(Lclojure/lang/IFn;Lclojure/lang/ISeq;)Ljava/lang/Object; (3238 bytes) @ 0x00007fd51c32eb3c [0x00007fd51c32a820+0x431c]
J 889 C1 clojure.lang.RestFn.applyTo(Lclojure/lang/ISeq;)Ljava/lang/Object; (3076 bytes) @ 0x00007fd51c3dc914 [0x00007fd51c3d9040+0x38d4]
j  clojure.core$apply.invoke(Ljava/lang/Object;Ljava/lang/Object;Ljava/lang/Object;Ljava/lang/Object;)Ljava/lang/Object;+34
j  clojure.java.jdbc$db_query_with_resultset.invoke(Ljava/lang/Object;Ljava/lang/Object;Ljava/lang/Object;)Ljava/lang/Object;+657
j  clojure.java.jdbc$query.doInvoke(Ljava/lang/Object;Ljava/lang/Object;Ljava/lang/Object;)Ljava/lang/Object;+236
J 1258 C1 clojure.lang.RestFn.invoke(Ljava/lang/Object;Ljava/lang/Object;)Ljava/lang/Object; (119 bytes) @ 0x00007fd51c4ac8ac [0x00007fd51c4ac7e0+0xcc]
j  zakupki_gov_parser.db$eval2865.invoke()Ljava/lang/Object;+35
J 1677 C1 clojure.lang.Compiler.eval(Ljava/lang/Object;Z)Ljava/lang/Object; (429 bytes) @ 0x00007fd51c58bda4 [0x00007fd51c58a3e0+0x19c4]
j  clojure.lang.Compiler.load(Ljava/io/Reader;Ljava/lang/String;Ljava/lang/String;)Ljava/lang/Object;+336
j  zakupki_gov_parser$eval2853.invoke()Ljava/lang/Object;+65
J 1677 C1 clojure.lang.Compiler.eval(Ljava/lang/Object;Z)Ljava/lang/Object; (429 bytes) @ 0x00007fd51c58bda4 [0x00007fd51c58a3e0+0x19c4]
J 2860 C1 clojure.core$eval.invoke(Ljava/lang/Object;)Ljava/lang/Object; (7 bytes) @ 0x00007fd51c7ad6dc [0x00007fd51c7ad6a0+0x3c]
j  clojure.main$repl$read_eval_print__6588$fn__6591.invoke()Ljava/lang/Object;+11
J 2837 C1 clojure.main$repl$read_eval_print__6588.invoke()Ljava/lang/Object; (292 bytes) @ 0x00007fd51c7a005c [0x00007fd51c79fa00+0x65c]
J 2757 C1 clojure.main$repl$fn__6597.invoke()Ljava/lang/Object; (67 bytes) @ 0x00007fd51c7788ac [0x00007fd51c778820+0x8c]
j  clojure.main$repl.doInvoke(Ljava/lang/Object;)Ljava/lang/Object;+568
j  clojure.lang.RestFn.invoke(Ljava/lang/Object;Ljava/lang/Object;Ljava/lang/Object;Ljava/lang/Object;Ljava/lang/Object;Ljava/lang/Object;Ljava/lang/Object;Ljava/lang/Object;Ljava/lang/Object;Ljava/lang/Object;Ljava/lang/Object;Ljava/lang/Object;)Ljava/lang/Object;+225
j  clojure.tools.nrepl.middleware.interruptible_eval$evaluate$fn__591.invoke()Ljava/lang/Object;+195
J 449 C1 clojure.lang.AFn.applyToHelper(Lclojure/lang/IFn;Lclojure/lang/ISeq;)Ljava/lang/Object; (3238 bytes) @ 0x00007fd51c32ebb4 [0x00007fd51c32a820+0x4394]
J 447 C1 clojure.lang.AFn.applyTo(Lclojure/lang/ISeq;)Ljava/lang/Object; (12 bytes) @ 0x00007fd51c328914 [0x00007fd51c3288e0+0x34]
J 1136 C1 clojure.core$apply.invoke(Ljava/lang/Object;Ljava/lang/Object;)Ljava/lang/Object; (32 bytes) @ 0x00007fd51c46ba24 [0x00007fd51c46b8e0+0x144]
j  clojure.core$with_bindings_STAR_.doInvoke(Ljava/lang/Object;Ljava/lang/Object;Ljava/lang/Object;)Ljava/lang/Object;+33
J 1258 C1 clojure.lang.RestFn.invoke(Ljava/lang/Object;Ljava/lang/Object;)Ljava/lang/Object; (119 bytes) @ 0x00007fd51c4ac8ac [0x00007fd51c4ac7e0+0xcc]
j  clojure.tools.nrepl.middleware.interruptible_eval$evaluate.invoke(Ljava/lang/Object;Ljava/lang/Object;)Ljava/lang/Object;+512
j  clojure.tools.nrepl.middleware.interruptible_eval$interruptible_eval$fn__632$fn__635.invoke()Ljava/lang/Object;+114
j  clojure.core$comp$fn__4154.invoke()Ljava/lang/Object;+14
j  clojure.tools.nrepl.middleware.interruptible_eval$run_next$fn__625.invoke()Ljava/lang/Object;+7
j  clojure.lang.AFn.run()V+1
j  java.util.concurrent.ThreadPoolExecutor.runWorker(Ljava/util/concurrent/ThreadPoolExecutor$Worker;)V+95
j  java.util.concurrent.ThreadPoolExecutor$Worker.run()V+5
j  java.lang.Thread.run()V+11
v  ~StubRoutines::call_stub

---------------  P R O C E S S  ---------------

Java Threads: ( => current thread )
  0x00007fd4b8216000 JavaThread "process reaper" daemon [_thread_blocked, id=8015, stack(0x00007fd51800c000,0x00007fd518045000)]
=>0x00007fd4d4002800 JavaThread "nREPL-worker-7" daemon [_thread_in_vm, id=8009, stack(0x00007fd511c1e000,0x00007fd511d1f000)]
  0x00007fd4d0006000 JavaThread "clojure-agent-send-off-pool-12" [_thread_blocked, id=7969, stack(0x00007fd51273d000,0x00007fd51283e000)]
  0x00007fd4bc01d000 JavaThread "TimerQueue" daemon [_thread_blocked, id=7001, stack(0x00007fd511f21000,0x00007fd512022000)]
  0x00007fd4b813a800 JavaThread "AWT-EventQueue-0" [_thread_blocked, id=6998, stack(0x00007fd511e20000,0x00007fd511f21000)]
  0x00007fd4b8139800 JavaThread "AWT-Shutdown" [_thread_blocked, id=6997, stack(0x00007fd512022000,0x00007fd512123000)]
  0x00007fd4b80e6000 JavaThread "AWT-XAWT" daemon [_thread_in_native, id=6996, stack(0x00007fd511d1f000,0x00007fd511e20000)]
  0x00007fd4b80c4800 JavaThread "Java2D Disposer" daemon [_thread_blocked, id=6995, stack(0x00007fd51263c000,0x00007fd51273d000)]
  0x00007fd4cc002800 JavaThread "clojure-agent-send-off-pool-4" [_thread_in_native, id=6971, stack(0x00007fd512123000,0x00007fd512224000)]
  0x00007fd4cc001000 JavaThread "clojure-agent-send-off-pool-3" [_thread_blocked, id=6970, stack(0x00007fd512224000,0x00007fd512325000)]
  0x00007fd52cdc2800 JavaThread "clojure-agent-send-off-pool-2" [_thread_in_native, id=6969, stack(0x00007fd512325000,0x00007fd512426000)]
  0x00007fd52c0c1000 JavaThread "Service Thread" daemon [_thread_blocked, id=6965, stack(0x00007fd512de4000,0x00007fd512ee5000)]
  0x00007fd52c0b1000 JavaThread "C1 CompilerThread2" daemon [_thread_blocked, id=6964, stack(0x00007fd512ee5000,0x00007fd512fe6000)]
  0x00007fd52c0af000 JavaThread "C2 CompilerThread1" daemon [_thread_blocked, id=6963, stack(0x00007fd512fe6000,0x00007fd5130e7000)]
  0x00007fd52c0ac800 JavaThread "C2 CompilerThread0" daemon [_thread_blocked, id=6962, stack(0x00007fd5130e7000,0x00007fd5131e8000)]
  0x00007fd52c0aa000 JavaThread "Signal Dispatcher" daemon [_thread_blocked, id=6961, stack(0x00007fd5131e8000,0x00007fd5132e9000)]
  0x00007fd52c082000 JavaThread "Finalizer" daemon [_thread_blocked, id=6960, stack(0x00007fd513afb000,0x00007fd513bfc000)]
  0x00007fd52c080000 JavaThread "Reference Handler" daemon [_thread_blocked, id=6959, stack(0x00007fd513bfc000,0x00007fd513cfd000)]
  0x00007fd52c00a800 JavaThread "main" [_thread_blocked, id=6953, stack(0x00007fd532105000,0x00007fd532206000)]

Other Threads:
  0x00007fd52c07b000 VMThread [stack: 0x00007fd513cfd000,0x00007fd513dfe000] [id=6958]
  0x00007fd52c0c3000 WatcherThread [stack: 0x00007fd512ce3000,0x00007fd512de4000] [id=6966]

VM state:not at safepoint (normal execution)

VM Mutex/Monitor currently owned by a thread: None

Heap:
 PSYoungGen      total 318976K, used 129032K [0x00000000ec000000, 0x0000000100000000, 0x0000000100000000)
  eden space 311296K, 41% used [0x00000000ec000000,0x00000000f3dc20d8,0x00000000ff000000)
  from space 7680K, 3% used [0x00000000ff880000,0x00000000ff8c0000,0x0000000100000000)
  to   space 8192K, 0% used [0x00000000ff000000,0x00000000ff000000,0x00000000ff800000)
 ParOldGen       total 35840K, used 17488K [0x00000000c4000000, 0x00000000c6300000, 0x00000000ec000000)
  object space 35840K, 48% used [0x00000000c4000000,0x00000000c51143c8,0x00000000c6300000)
 Metaspace       used 25787K, capacity 28839K, committed 28928K, reserved 1071104K
  class space    used 5444K, capacity 6847K, committed 6912K, reserved 1048576K

Card table byte_map: [0x00007fd51bbcc000,0x00007fd51bdad000] byte_map_base: 0x00007fd51b5ac000

Marking Bits: (ParMarkBitMap*) 0x00007fd5315ddc20
 Begin Bits: [0x00007fd5199c8000, 0x00007fd51a8c8000)
 End Bits:   [0x00007fd51a8c8000, 0x00007fd51b7c8000)

Polling page: 0x00007fd532227000

CodeCache: size=245760Kb used=6408Kb max_used=6408Kb free=239351Kb
 bounds [0x00007fd51c16d000, 0x00007fd51c7bd000, 0x00007fd52b16d000]
 total_blobs=3417 nmethods=2848 adapters=483
 compilation: enabled

Compilation events (10 events):
Event: 4910,298 Thread 0x00007fd52c0b1000 2861       1       java.lang.Class::copyFields (36 bytes)
Event: 4910,298 Thread 0x00007fd52c0b1000 nmethod 2861 0x00007fd51c7ad850 code [0x00007fd51c7ad9e0, 0x00007fd51c7addd8]
Event: 4920,750 Thread 0x00007fd52c0b1000 2862       1       clojure.core$constantly$fn__4051::doInvoke (5 bytes)
Event: 4920,751 Thread 0x00007fd52c0b1000 nmethod 2862 0x00007fd51c7ae0d0 code [0x00007fd51c7ae220, 0x00007fd51c7ae330]
Event: 4923,325 Thread 0x00007fd52c0b1000 2863       1       java.util.jar.JarFile::getJarEntry (9 bytes)
Event: 4923,325 Thread 0x00007fd52c0b1000 nmethod 2863 0x00007fd51c7ae390 code [0x00007fd51c7ae500, 0x00007fd51c7ae668]
Event: 4923,382 Thread 0x00007fd52c0b1000 2864       1       java.io.FilterInputStream::read (9 bytes)
Event: 4923,383 Thread 0x00007fd52c0b1000 nmethod 2864 0x00007fd51c7aec90 code [0x00007fd51c7aee00, 0x00007fd51c7aef48]
Event: 4923,383 Thread 0x00007fd52c0b1000 2865       1       java.io.FileOutputStream::write (12 bytes)
Event: 4923,383 Thread 0x00007fd52c0b1000 nmethod 2865 0x00007fd51c7aefd0 code [0x00007fd51c7af120, 0x00007fd51c7af248]

GC Heap History (10 events):
Event: 110,564 GC heap before
{Heap before GC invocations=11 (full 0):
 PSYoungGen      total 320000K, used 73340K [0x00000000ec000000, 0x0000000100000000, 0x0000000100000000)
  eden space 313344K, 21% used [0x00000000ec000000,0x00000000f01afeb8,0x00000000ff200000)
  from space 6656K, 91% used [0x00000000ff980000,0x00000000fff6f1d8,0x0000000100000000)
  to   space 7168K, 0% used [0x00000000ff200000,0x00000000ff200000,0x00000000ff900000)
 ParOldGen       total 40960K, used 13473K [0x00000000c4000000, 0x00000000c6800000, 0x00000000ec000000)
  object space 40960K, 32% used [0x00000000c4000000,0x00000000c4d28478,0x00000000c6800000)
 Metaspace       used 19529K, capacity 21113K, committed 21248K, reserved 1067008K
  class space    used 3946K, capacity 4514K, committed 4608K, reserved 1048576K
Event: 110,573 GC heap after
Heap after GC invocations=11 (full 0):
 PSYoungGen      total 315392K, used 2000K [0x00000000ec000000, 0x0000000100000000, 0x0000000100000000)
  eden space 313344K, 0% used [0x00000000ec000000,0x00000000ec000000,0x00000000ff200000)
  from space 2048K, 97% used [0x00000000ff200000,0x00000000ff3f4108,0x00000000ff400000)
  to   space 7680K, 0% used [0x00000000ff880000,0x00000000ff880000,0x0000000100000000)
 ParOldGen       total 40960K, used 18665K [0x00000000c4000000, 0x00000000c6800000, 0x00000000ec000000)
  object space 40960K, 45% used [0x00000000c4000000,0x00000000c523a4a8,0x00000000c6800000)
 Metaspace       used 19529K, capacity 21113K, committed 21248K, reserved 1067008K
  class space    used 3946K, capacity 4514K, committed 4608K, reserved 1048576K
}
Event: 110,573 GC heap before
{Heap before GC invocations=12 (full 1):
 PSYoungGen      total 315392K, used 2000K [0x00000000ec000000, 0x0000000100000000, 0x0000000100000000)
  eden space 313344K, 0% used [0x00000000ec000000,0x00000000ec000000,0x00000000ff200000)
  from space 2048K, 97% used [0x00000000ff200000,0x00000000ff3f4108,0x00000000ff400000)
  to   space 7680K, 0% used [0x00000000ff880000,0x00000000ff880000,0x0000000100000000)
 ParOldGen       total 40960K, used 18665K [0x00000000c4000000, 0x00000000c6800000, 0x00000000ec000000)
  object space 40960K, 45% used [0x00000000c4000000,0x00000000c523a4a8,0x00000000c6800000)
 Metaspace       used 19529K, capacity 21113K, committed 21248K, reserved 1067008K
  class space    used 3946K, capacity 4514K, committed 4608K, reserved 1048576K
Event: 110,656 GC heap after
Heap after GC invocations=12 (full 1):
 PSYoungGen      total 315392K, used 0K [0x00000000ec000000, 0x0000000100000000, 0x0000000100000000)
  eden space 313344K, 0% used [0x00000000ec000000,0x00000000ec000000,0x00000000ff200000)
  from space 2048K, 0% used [0x00000000ff200000,0x00000000ff200000,0x00000000ff400000)
  to   space 7680K, 0% used [0x00000000ff880000,0x00000000ff880000,0x0000000100000000)
 ParOldGen       total 35840K, used 15476K [0x00000000c4000000, 0x00000000c6300000, 0x00000000ec000000)
  object space 35840K, 43% used [0x00000000c4000000,0x00000000c4f1d108,0x00000000c6300000)
 Metaspace       used 19527K, capacity 21107K, committed 21248K, reserved 1067008K
  class space    used 3945K, capacity 4513K, committed 4608K, reserved 1048576K
}
Event: 4741,557 GC heap before
{Heap before GC invocations=13 (full 1):
 PSYoungGen      total 315392K, used 313344K [0x00000000ec000000, 0x0000000100000000, 0x0000000100000000)
  eden space 313344K, 100% used [0x00000000ec000000,0x00000000ff200000,0x00000000ff200000)
  from space 2048K, 0% used [0x00000000ff200000,0x00000000ff200000,0x00000000ff400000)
  to   space 7680K, 0% used [0x00000000ff880000,0x00000000ff880000,0x0000000100000000)
 ParOldGen       total 35840K, used 15476K [0x00000000c4000000, 0x00000000c6300000, 0x00000000ec000000)
  object space 35840K, 43% used [0x00000000c4000000,0x00000000c4f1d108,0x00000000c6300000)
 Metaspace       used 24363K, capacity 26671K, committed 26880K, reserved 1071104K
  class space    used 4896K, capacity 5844K, committed 5888K, reserved 1048576K
Event: 4741,566 GC heap after
Heap after GC invocations=13 (full 1):
 PSYoungGen      total 320000K, used 1928K [0x00000000ec000000, 0x0000000100000000, 0x0000000100000000)
  eden space 312320K, 0% used [0x00000000ec000000,0x00000000ec000000,0x00000000ff100000)
  from space 7680K, 25% used [0x00000000ff880000,0x00000000ffa62218,0x0000000100000000)
  to   space 7680K, 0% used [0x00000000ff100000,0x00000000ff100000,0x00000000ff880000)
 ParOldGen       total 35840K, used 15503K [0x00000000c4000000, 0x00000000c6300000, 0x00000000ec000000)
  object space 35840K, 43% used [0x00000000c4000000,0x00000000c4f23d58,0x00000000c6300000)
 Metaspace       used 24363K, capacity 26671K, committed 26880K, reserved 1071104K
  class space    used 4896K, capacity 5844K, committed 5888K, reserved 1048576K
}
Event: 4762,032 GC heap before
{Heap before GC invocations=14 (full 1):
 PSYoungGen      total 320000K, used 314248K [0x00000000ec000000, 0x0000000100000000, 0x0000000100000000)
  eden space 312320K, 100% used [0x00000000ec000000,0x00000000ff100000,0x00000000ff100000)
  from space 7680K, 25% used [0x00000000ff880000,0x00000000ffa62218,0x0000000100000000)
  to   space 7680K, 0% used [0x00000000ff100000,0x00000000ff100000,0x00000000ff880000)
 ParOldGen       total 35840K, used 15503K [0x00000000c4000000, 0x00000000c6300000, 0x00000000ec000000)
  object space 35840K, 43% used [0x00000000c4000000,0x00000000c4f23d58,0x00000000c6300000)
 Metaspace       used 24789K, capacity 27367K, committed 27520K, reserved 1071104K
  class space    used 5085K, capacity 6215K, committed 6272K, reserved 1048576K
Event: 4762,037 GC heap after
Heap after GC invocations=14 (full 1):
 PSYoungGen      total 320000K, used 320K [0x00000000ec000000, 0x0000000100000000, 0x0000000100000000)
  eden space 312320K, 0% used [0x00000000ec000000,0x00000000ec000000,0x00000000ff100000)
  from space 7680K, 4% used [0x00000000ff100000,0x00000000ff150000,0x00000000ff880000)
  to   space 7680K, 0% used [0x00000000ff880000,0x00000000ff880000,0x0000000100000000)
 ParOldGen       total 35840K, used 17272K [0x00000000c4000000, 0x00000000c6300000, 0x00000000ec000000)
  object space 35840K, 48% used [0x00000000c4000000,0x00000000c50de3b8,0x00000000c6300000)
 Metaspace       used 24789K, capacity 27367K, committed 27520K, reserved 1071104K
  class space    used 5085K, capacity 6215K, committed 6272K, reserved 1048576K
}
Event: 4806,162 GC heap before
{Heap before GC invocations=15 (full 1):
 PSYoungGen      total 320000K, used 312640K [0x00000000ec000000, 0x0000000100000000, 0x0000000100000000)
  eden space 312320K, 100% used [0x00000000ec000000,0x00000000ff100000,0x00000000ff100000)
  from space 7680K, 4% used [0x00000000ff100000,0x00000000ff150000,0x00000000ff880000)
  to   space 7680K, 0% used [0x00000000ff880000,0x00000000ff880000,0x0000000100000000)
 ParOldGen       total 35840K, used 17272K [0x00000000c4000000, 0x00000000c6300000, 0x00000000ec000000)
  object space 35840K, 48% used [0x00000000c4000000,0x00000000c50de3b8,0x00000000c6300000)
 Metaspace       used 25252K, capacity 28121K, committed 28416K, reserved 1071104K
  class space    used 5294K, capacity 6613K, committed 6656K, reserved 1048576K
Event: 4806,166 GC heap after
Heap after GC invocations=15 (full 1):
 PSYoungGen      total 318976K, used 256K [0x00000000ec000000, 0x0000000100000000, 0x0000000100000000)
  eden space 311296K, 0% used [0x00000000ec000000,0x00000000ec000000,0x00000000ff000000)
  from space 7680K, 3% used [0x00000000ff880000,0x00000000ff8c0000,0x0000000100000000)
  to   space 8192K, 0% used [0x00000000ff000000,0x00000000ff000000,0x00000000ff800000)
 ParOldGen       total 35840K, used 17488K [0x00000000c4000000, 0x00000000c6300000, 0x00000000ec000000)
  object space 35840K, 48% used [0x00000000c4000000,0x00000000c51143c8,0x00000000c6300000)
 Metaspace       used 25252K, capacity 28121K, committed 28416K, reserved 1071104K
  class space    used 5294K, capacity 6613K, committed 6656K, reserved 1048576K
}

Deoptimization events (0 events):
No events

Internal exceptions (10 events):
Event: 4923,362 Thread 0x00007fd4d4002800 Exception <a 'java/security/PrivilegedActionException'> (0x00000000f3c37478) thrown at [/HUDSON/workspace/8-2-build-linux-amd64/jdk8/685/hotspot/src/share/vm/prims/jvm.cpp, line 1248]
Event: 4923,363 Thread 0x00007fd4d4002800 Exception <a 'java/security/PrivilegedActionException'> (0x00000000f3c3dcb0) thrown at [/HUDSON/workspace/8-2-build-linux-amd64/jdk8/685/hotspot/src/share/vm/prims/jvm.cpp, line 1248]
Event: 4923,364 Thread 0x00007fd4d4002800 Exception <a 'java/security/PrivilegedActionException'> (0x00000000f3c458f8) thrown at [/HUDSON/workspace/8-2-build-linux-amd64/jdk8/685/hotspot/src/share/vm/prims/jvm.cpp, line 1248]
Event: 4923,364 Thread 0x00007fd4d4002800 Exception <a 'java/security/PrivilegedActionException'> (0x00000000f3c4bb10) thrown at [/HUDSON/workspace/8-2-build-linux-amd64/jdk8/685/hotspot/src/share/vm/prims/jvm.cpp, line 1248]
Event: 4923,369 Thread 0x00007fd4d4002800 Exception <a 'java/security/PrivilegedActionException'> (0x00000000f3c54f68) thrown at [/HUDSON/workspace/8-2-build-linux-amd64/jdk8/685/hotspot/src/share/vm/prims/jvm.cpp, line 1248]
Event: 4923,496 Thread 0x00007fd4d4002800 Exception <a 'java/security/PrivilegedActionException'> (0x00000000f3c77de0) thrown at [/HUDSON/workspace/8-2-build-linux-amd64/jdk8/685/hotspot/src/share/vm/prims/jvm.cpp, line 1248]
Event: 4923,497 Thread 0x00007fd4d4002800 Exception <a 'java/security/PrivilegedActionException'> (0x00000000f3c7d7b8) thrown at [/HUDSON/workspace/8-2-build-linux-amd64/jdk8/685/hotspot/src/share/vm/prims/jvm.cpp, line 1248]
Event: 4923,497 Thread 0x00007fd4d4002800 Exception <a 'java/security/PrivilegedActionException'> (0x00000000f3c88578) thrown at [/HUDSON/workspace/8-2-build-linux-amd64/jdk8/685/hotspot/src/share/vm/prims/jvm.cpp, line 1248]
Event: 4923,499 Thread 0x00007fd4d4002800 Exception <a 'java/security/PrivilegedActionException'> (0x00000000f3c95a48) thrown at [/HUDSON/workspace/8-2-build-linux-amd64/jdk8/685/hotspot/src/share/vm/prims/jvm.cpp, line 1248]
Event: 4923,611 Thread 0x00007fd4d4002800 Exception <a 'java/security/PrivilegedActionException'> (0x00000000f3ca3c48) thrown at [/HUDSON/workspace/8-2-build-linux-amd64/jdk8/685/hotspot/src/share/vm/prims/jvm.cpp, line 1248]

Events (10 events):
Event: 4923,533 Executing VM operation: RevokeBias done
Event: 4923,533 Executing VM operation: RevokeBias
Event: 4923,534 Executing VM operation: RevokeBias done
Event: 4923,534 loading class java/lang/ProcessBuilder$NullOutputStream
Event: 4923,566 loading class java/lang/ProcessBuilder$NullOutputStream done
Event: 4923,566 loading class java/util/Hashtable$KeySet done
Event: 4923,567 loading class java/util/Collections$EmptyIterator
Event: 4923,610 loading class java/util/Collections$EmptyIterator done
Event: 4923,611 loading class org/sqlite/PrepStmt
Event: 4923,611 loading class org/sqlite/PrepStmt done


Dynamic libraries:
00400000-00401000 r-xp 00000000 08:08 6428735                            /usr/lib/jvm/java-8-oracle/jre/bin/java
00600000-00601000 rw-p 00000000 08:08 6428735                            /usr/lib/jvm/java-8-oracle/jre/bin/java
01c21000-01c42000 rw-p 00000000 00:00 0                                  [heap]
c4000000-c6300000 rw-p 00000000 00:00 0 
c6300000-ec000000 ---p 00000000 00:00 0 
ec000000-100000000 rw-p 00000000 00:00 0 
100000000-1006c0000 rw-p 00000000 00:00 0 
1006c0000-140000000 ---p 00000000 00:00 0 
7fd4b2a4e000-7fd4b2ad2000 r-xp 00000000 08:08 6947573                    /tmp/sqlite-3.7.2-libsqlitejdbc.so
7fd4b2ad2000-7fd4b2cd2000 ---p 00084000 08:08 6947573                    /tmp/sqlite-3.7.2-libsqlitejdbc.so
7fd4b2cd2000-7fd4b2cd3000 r--p 00084000 08:08 6947573                    /tmp/sqlite-3.7.2-libsqlitejdbc.so
7fd4b2cd3000-7fd4b2cd6000 rw-p 00085000 08:08 6947573                    /tmp/sqlite-3.7.2-libsqlitejdbc.so
7fd4b2cd6000-7fd4b2e56000 rw-p 00000000 00:00 0 
7fd4b2e56000-7fd4b2ed6000 ---p 00000000 00:00 0 
7fd4b2ed6000-7fd4b2f3f000 r-xp 00000000 08:08 6428674                    /usr/lib/jvm/java-8-oracle/jre/lib/amd64/libt2k.so
7fd4b2f3f000-7fd4b313e000 ---p 00069000 08:08 6428674                    /usr/lib/jvm/java-8-oracle/jre/lib/amd64/libt2k.so
7fd4b313e000-7fd4b3145000 rw-p 00068000 08:08 6428674                    /usr/lib/jvm/java-8-oracle/jre/lib/amd64/libt2k.so
7fd4b3145000-7fd4b3155000 rw-p 00000000 00:00 0 
7fd4b3155000-7fd4b3165000 r-xp 00000000 08:08 6428677                    /usr/lib/jvm/java-8-oracle/jre/lib/amd64/libnio.so
7fd4b3165000-7fd4b3365000 ---p 00010000 08:08 6428677                    /usr/lib/jvm/java-8-oracle/jre/lib/amd64/libnio.so
7fd4b3365000-7fd4b3366000 rw-p 00010000 08:08 6428677                    /usr/lib/jvm/java-8-oracle/jre/lib/amd64/libnio.so
7fd4b3366000-7fd4b3566000 rw-p 00000000 00:00 0 
7fd4b3566000-7fd4b3766000 rw-p 00000000 00:00 0 
7fd4b3766000-7fd4b376b000 r-xp 00000000 08:08 5772609                    /usr/lib/x86_64-linux-gnu/libXfixes.so.3.1.0
7fd4b376b000-7fd4b396a000 ---p 00005000 08:08 5772609                    /usr/lib/x86_64-linux-gnu/libXfixes.so.3.1.0
7fd4b396a000-7fd4b396b000 r--p 00004000 08:08 5772609                    /usr/lib/x86_64-linux-gnu/libXfixes.so.3.1.0
7fd4b396b000-7fd4b396c000 rw-p 00005000 08:08 5772609                    /usr/lib/x86_64-linux-gnu/libXfixes.so.3.1.0
7fd4b396c000-7fd4b3975000 r-xp 00000000 08:08 5770355                    /usr/lib/x86_64-linux-gnu/libXcursor.so.1.0.2
7fd4b3975000-7fd4b3b74000 ---p 00009000 08:08 5770355                    /usr/lib/x86_64-linux-gnu/libXcursor.so.1.0.2
7fd4b3b74000-7fd4b3b75000 r--p 00008000 08:08 5770355                    /usr/lib/x86_64-linux-gnu/libXcursor.so.1.0.2
7fd4b3b75000-7fd4b3b76000 rw-p 00009000 08:08 5770355                    /usr/lib/x86_64-linux-gnu/libXcursor.so.1.0.2
7fd4b3b76000-7fd4b3b8b000 r-xp 00000000 08:08 11013886                   /lib/x86_64-linux-gnu/libgcc_s.so.1
7fd4b3b8b000-7fd4b3d8a000 ---p 00015000 08:08 11013886                   /lib/x86_64-linux-gnu/libgcc_s.so.1
7fd4b3d8a000-7fd4b3d8b000 r--p 00014000 08:08 11013886                   /lib/x86_64-linux-gnu/libgcc_s.so.1
7fd4b3d8b000-7fd4b3d8c000 rw-p 00015000 08:08 11013886                   /lib/x86_64-linux-gnu/libgcc_s.so.1
7fd4b3d8c000-7fd4b3dec000 r-xp 00000000 08:08 6427884                    /usr/lib/jvm/java-8-oracle/jre/lib/amd64/libfontmanager.so
7fd4b3dec000-7fd4b3feb000 ---p 00060000 08:08 6427884                    /usr/lib/jvm/java-8-oracle/jre/lib/amd64/libfontmanager.so
7fd4b3feb000-7fd4b3fef000 rw-p 0005f000 08:08 6427884                    /usr/lib/jvm/java-8-oracle/jre/lib/amd64/libfontmanager.so
7fd4b3fef000-7fd4b4000000 rw-p 00000000 00:00 0 
7fd4b4000000-7fd4b422d000 rw-p 00000000 00:00 0 
7fd4b422d000-7fd4b8000000 ---p 00000000 00:00 0 
7fd4b8000000-7fd4b8511000 rw-p 00000000 00:00 0 
7fd4b8511000-7fd4bc000000 ---p 00000000 00:00 0 
7fd4bc000000-7fd4bc051000 rw-p 00000000 00:00 0 
7fd4bc051000-7fd4c0000000 ---p 00000000 00:00 0 
7fd4c0000000-7fd4c002a000 rw-p 00000000 00:00 0 
7fd4c002a000-7fd4c4000000 ---p 00000000 00:00 0 
7fd4c4000000-7fd4c4021000 rw-p 00000000 00:00 0 
7fd4c4021000-7fd4c8000000 ---p 00000000 00:00 0 
7fd4c8000000-7fd4c8021000 rw-p 00000000 00:00 0 
7fd4c8021000-7fd4cc000000 ---p 00000000 00:00 0 
7fd4cc000000-7fd4cc021000 rw-p 00000000 00:00 0 
7fd4cc021000-7fd4d0000000 ---p 00000000 00:00 0 
7fd4d0000000-7fd4d0021000 rw-p 00000000 00:00 0 
7fd4d0021000-7fd4d4000000 ---p 00000000 00:00 0 
7fd4d4000000-7fd4d40a6000 rw-p 00000000 00:00 0 
7fd4d40a6000-7fd4d8000000 ---p 00000000 00:00 0 
7fd4d8000000-7fd4d8065000 rw-p 00000000 00:00 0 
7fd4d8065000-7fd4dc000000 ---p 00000000 00:00 0 
7fd4dc000000-7fd4dc021000 rw-p 00000000 00:00 0 
7fd4dc021000-7fd4e0000000 ---p 00000000 00:00 0 
7fd4e0000000-7fd4e0021000 rw-p 00000000 00:00 0 
7fd4e0021000-7fd4e4000000 ---p 00000000 00:00 0 
7fd4e4000000-7fd4e4021000 rw-p 00000000 00:00 0 
7fd4e4021000-7fd4e8000000 ---p 00000000 00:00 0 
7fd4e8000000-7fd4e852c000 rw-p 00000000 00:00 0 
7fd4e852c000-7fd4ec000000 ---p 00000000 00:00 0 
7fd4ec000000-7fd4ec021000 rw-p 00000000 00:00 0 
7fd4ec021000-7fd4f0000000 ---p 00000000 00:00 0 
7fd4f0000000-7fd4f0056000 rw-p 00000000 00:00 0 
7fd4f0056000-7fd4f4000000 ---p 00000000 00:00 0 
7fd4f4000000-7fd4f4021000 rw-p 00000000 00:00 0 
7fd4f4021000-7fd4f8000000 ---p 00000000 00:00 0 
7fd4f8000000-7fd4f8021000 rw-p 00000000 00:00 0 
7fd4f8021000-7fd4fc000000 ---p 00000000 00:00 0 
7fd4fc000000-7fd4fc021000 rw-p 00000000 00:00 0 
7fd4fc021000-7fd500000000 ---p 00000000 00:00 0 
7fd500000000-7fd500056000 rw-p 00000000 00:00 0 
7fd500056000-7fd504000000 ---p 00000000 00:00 0 
7fd504000000-7fd504021000 rw-p 00000000 00:00 0 
7fd504021000-7fd508000000 ---p 00000000 00:00 0 
7fd508000000-7fd508021000 rw-p 00000000 00:00 0 
7fd508021000-7fd50c000000 ---p 00000000 00:00 0 
7fd50c000000-7fd50c021000 rw-p 00000000 00:00 0 
7fd50c021000-7fd510000000 ---p 00000000 00:00 0 
7fd510067000-7fd510267000 rw-p 00000000 00:00 0 
7fd510267000-7fd51026c000 r-xp 00000000 08:08 5774211                    /usr/lib/x86_64-linux-gnu/libXdmcp.so.6.0.0
7fd51026c000-7fd51046b000 ---p 00005000 08:08 5774211                    /usr/lib/x86_64-linux-gnu/libXdmcp.so.6.0.0
7fd51046b000-7fd51046c000 r--p 00004000 08:08 5774211                    /usr/lib/x86_64-linux-gnu/libXdmcp.so.6.0.0
7fd51046c000-7fd51046d000 rw-p 00005000 08:08 5774211                    /usr/lib/x86_64-linux-gnu/libXdmcp.so.6.0.0
7fd51046d000-7fd51046f000 r-xp 00000000 08:08 5769840                    /usr/lib/x86_64-linux-gnu/libXau.so.6.0.0
7fd51046f000-7fd51066f000 ---p 00002000 08:08 5769840                    /usr/lib/x86_64-linux-gnu/libXau.so.6.0.0
7fd51066f000-7fd510670000 r--p 00002000 08:08 5769840                    /usr/lib/x86_64-linux-gnu/libXau.so.6.0.0
7fd510670000-7fd510671000 rw-p 00003000 08:08 5769840                    /usr/lib/x86_64-linux-gnu/libXau.so.6.0.0
7fd510671000-7fd51068e000 r-xp 00000000 08:08 5769842                    /usr/lib/x86_64-linux-gnu/libxcb.so.1.1.0
7fd51068e000-7fd51088d000 ---p 0001d000 08:08 5769842                    /usr/lib/x86_64-linux-gnu/libxcb.so.1.1.0
7fd51088d000-7fd51088e000 r--p 0001c000 08:08 5769842                    /usr/lib/x86_64-linux-gnu/libxcb.so.1.1.0
7fd51088e000-7fd51088f000 rw-p 0001d000 08:08 5769842                    /usr/lib/x86_64-linux-gnu/libxcb.so.1.1.0
7fd51088f000-7fd51089e000 r-xp 00000000 08:08 5770866                    /usr/lib/x86_64-linux-gnu/libXi.so.6.1.0
7fd51089e000-7fd510a9d000 ---p 0000f000 08:08 5770866                    /usr/lib/x86_64-linux-gnu/libXi.so.6.1.0
7fd510a9d000-7fd510a9e000 r--p 0000e000 08:08 5770866                    /usr/lib/x86_64-linux-gnu/libXi.so.6.1.0
7fd510a9e000-7fd510a9f000 rw-p 0000f000 08:08 5770866                    /usr/lib/x86_64-linux-gnu/libXi.so.6.1.0
7fd510a9f000-7fd510aa4000 r-xp 00000000 08:08 5772317                    /usr/lib/x86_64-linux-gnu/libXtst.so.6.1.0
7fd510aa4000-7fd510ca3000 ---p 00005000 08:08 5772317                    /usr/lib/x86_64-linux-gnu/libXtst.so.6.1.0
7fd510ca3000-7fd510ca4000 r--p 00004000 08:08 5772317                    /usr/lib/x86_64-linux-gnu/libXtst.so.6.1.0
7fd510ca4000-7fd510ca5000 rw-p 00005000 08:08 5772317                    /usr/lib/x86_64-linux-gnu/libXtst.so.6.1.0
7fd510ca5000-7fd510cae000 r-xp 00000000 08:08 5772796                    /usr/lib/x86_64-linux-gnu/libXrender.so.1.3.0
7fd510cae000-7fd510ead000 ---p 00009000 08:08 5772796                    /usr/lib/x86_64-linux-gnu/libXrender.so.1.3.0
7fd510ead000-7fd510eae000 r--p 00008000 08:08 5772796                    /usr/lib/x86_64-linux-gnu/libXrender.so.1.3.0
7fd510eae000-7fd510eaf000 rw-p 00009000 08:08 5772796                    /usr/lib/x86_64-linux-gnu/libXrender.so.1.3.0
7fd510eaf000-7fd510fdf000 r-xp 00000000 08:08 5769844                    /usr/lib/x86_64-linux-gnu/libX11.so.6.3.0
7fd510fdf000-7fd5111df000 ---p 00130000 08:08 5769844                    /usr/lib/x86_64-linux-gnu/libX11.so.6.3.0
7fd5111df000-7fd5111e0000 r--p 00130000 08:08 5769844                    /usr/lib/x86_64-linux-gnu/libX11.so.6.3.0
7fd5111e0000-7fd5111e4000 rw-p 00131000 08:08 5769844                    /usr/lib/x86_64-linux-gnu/libX11.so.6.3.0
7fd5111e4000-7fd5111f5000 r-xp 00000000 08:08 5772314                    /usr/lib/x86_64-linux-gnu/libXext.so.6.4.0
7fd5111f5000-7fd5113f4000 ---p 00011000 08:08 5772314                    /usr/lib/x86_64-linux-gnu/libXext.so.6.4.0
7fd5113f4000-7fd5113f5000 r--p 00010000 08:08 5772314                    /usr/lib/x86_64-linux-gnu/libXext.so.6.4.0
7fd5113f5000-7fd5113f6000 rw-p 00011000 08:08 5772314                    /usr/lib/x86_64-linux-gnu/libXext.so.6.4.0
7fd5113f6000-7fd511446000 r-xp 00000000 08:08 6428683                    /usr/lib/jvm/java-8-oracle/jre/lib/amd64/libawt_xawt.so
7fd511446000-7fd511646000 ---p 00050000 08:08 6428683                    /usr/lib/jvm/java-8-oracle/jre/lib/amd64/libawt_xawt.so
7fd511646000-7fd51164a000 rw-p 00050000 08:08 6428683                    /usr/lib/jvm/java-8-oracle/jre/lib/amd64/libawt_xawt.so
7fd51164a000-7fd51164b000 rw-p 00000000 00:00 0 
7fd51164b000-7fd5116ee000 r-xp 00000000 08:08 6428666                    /usr/lib/jvm/java-8-oracle/jre/lib/amd64/libawt.so
7fd5116ee000-7fd5118ed000 ---p 000a3000 08:08 6428666                    /usr/lib/jvm/java-8-oracle/jre/lib/amd64/libawt.so
7fd5118ed000-7fd5118f9000 rw-p 000a2000 08:08 6428666                    /usr/lib/jvm/java-8-oracle/jre/lib/amd64/libawt.so
7fd5118f9000-7fd51191d000 rw-p 00000000 00:00 0 
7fd51191d000-7fd511920000 ---p 00000000 00:00 0 
7fd511920000-7fd511c1e000 rw-p 00000000 00:00 0 
7fd511c1e000-7fd511c21000 ---p 00000000 00:00 0 
7fd511c21000-7fd511d1f000 rw-p 00000000 00:00 0                          [stack:8009]
7fd511d1f000-7fd511d22000 ---p 00000000 00:00 0 
7fd511d22000-7fd511e20000 rw-p 00000000 00:00 0                          [stack:6996]
7fd511e20000-7fd511e23000 ---p 00000000 00:00 0 
7fd511e23000-7fd511f21000 rw-p 00000000 00:00 0                          [stack:6998]
7fd511f21000-7fd511f24000 ---p 00000000 00:00 0 
7fd511f24000-7fd512022000 rw-p 00000000 00:00 0                          [stack:7001]
7fd512022000-7fd512025000 ---p 00000000 00:00 0 
7fd512025000-7fd512123000 rw-p 00000000 00:00 0                          [stack:6997]
7fd512123000-7fd512126000 ---p 00000000 00:00 0 
7fd512126000-7fd512224000 rw-p 00000000 00:00 0                          [stack:6971]
7fd512224000-7fd512227000 ---p 00000000 00:00 0 
7fd512227000-7fd512325000 rw-p 00000000 00:00 0                          [stack:6970]
7fd512325000-7fd512328000 ---p 00000000 00:00 0 
7fd512328000-7fd512426000 rw-p 00000000 00:00 0                          [stack:6969]
7fd512426000-7fd51243b000 r-xp 00000000 08:08 6428701                    /usr/lib/jvm/java-8-oracle/jre/lib/amd64/libnet.so
7fd51243b000-7fd51263b000 ---p 00015000 08:08 6428701                    /usr/lib/jvm/java-8-oracle/jre/lib/amd64/libnet.so
7fd51263b000-7fd51263c000 rw-p 00015000 08:08 6428701                    /usr/lib/jvm/java-8-oracle/jre/lib/amd64/libnet.so
7fd51263c000-7fd51263f000 ---p 00000000 00:00 0 
7fd51263f000-7fd51273d000 rw-p 00000000 00:00 0                          [stack:6995]
7fd51273d000-7fd512740000 ---p 00000000 00:00 0 
7fd512740000-7fd512a3e000 rw-p 00000000 00:00 0                          [stack:7969]
7fd512a3e000-7fd512c3e000 rw-p 00000000 00:00 0 
7fd512c3e000-7fd512ce3000 r--s 010b2000 08:08 6036145                    /usr/lib/jvm/java-8-oracle/jre/lib/ext/jfxrt.jar
7fd512ce3000-7fd512ce4000 ---p 00000000 00:00 0 
7fd512ce4000-7fd512de4000 rw-p 00000000 00:00 0                          [stack:6966]
7fd512de4000-7fd512de7000 ---p 00000000 00:00 0 
7fd512de7000-7fd512ee5000 rw-p 00000000 00:00 0                          [stack:6965]
7fd512ee5000-7fd512ee8000 ---p 00000000 00:00 0 
7fd512ee8000-7fd512fe6000 rw-p 00000000 00:00 0                          [stack:6964]
7fd512fe6000-7fd512fe9000 ---p 00000000 00:00 0 
7fd512fe9000-7fd5130e7000 rw-p 00000000 00:00 0                          [stack:6963]
7fd5130e7000-7fd5130ea000 ---p 00000000 00:00 0 
7fd5130ea000-7fd5131e8000 rw-p 00000000 00:00 0                          [stack:6962]
7fd5131e8000-7fd5131eb000 ---p 00000000 00:00 0 
7fd5131eb000-7fd5132e9000 rw-p 00000000 00:00 0                          [stack:6961]
7fd5132e9000-7fd513afb000 r--p 00000000 08:08 5773356                    /usr/lib/locale/locale-archive
7fd513afb000-7fd513afe000 ---p 00000000 00:00 0 
7fd513afe000-7fd513bfc000 rw-p 00000000 00:00 0                          [stack:6960]
7fd513bfc000-7fd513bff000 ---p 00000000 00:00 0 
7fd513bff000-7fd513cfd000 rw-p 00000000 00:00 0                          [stack:6959]
7fd513cfd000-7fd513cfe000 ---p 00000000 00:00 0 
7fd513cfe000-7fd514000000 rw-p 00000000 00:00 0                          [stack:6958]
7fd514000000-7fd514021000 rw-p 00000000 00:00 0 
7fd514021000-7fd518000000 ---p 00000000 00:00 0 
7fd51800c000-7fd51800f000 ---p 00000000 00:00 0 
7fd51800f000-7fd518045000 rw-p 00000000 00:00 0                          [stack:8015]
7fd518045000-7fd518084000 r--s 0032d000 08:08 1443609                    /home/marat/.m2/repository/org/clojure/clojure/1.5.1/clojure-1.5.1.jar
7fd518084000-7fd518e15000 rw-p 00000000 00:00 0 
7fd518e15000-7fd518fe8000 r--s 03c80000 08:08 6036109                    /usr/lib/jvm/java-8-oracle/jre/lib/rt.jar
7fd518fe8000-7fd51b7c8000 rw-p 00000000 00:00 0 
7fd51b7c8000-7fd51b7c9000 ---p 00000000 00:00 0 
7fd51b7c9000-7fd51b8c9000 rw-p 00000000 00:00 0                          [stack:6957]
7fd51b8c9000-7fd51b8ca000 ---p 00000000 00:00 0 
7fd51b8ca000-7fd51b9ca000 rw-p 00000000 00:00 0                          [stack:6956]
7fd51b9ca000-7fd51b9cb000 ---p 00000000 00:00 0 
7fd51b9cb000-7fd51bacb000 rw-p 00000000 00:00 0                          [stack:6955]
7fd51bacb000-7fd51bacc000 ---p 00000000 00:00 0 
7fd51bacc000-7fd51bbde000 rw-p 00000000 00:00 0                          [stack:6954]
7fd51bbde000-7fd51bd0c000 ---p 00000000 00:00 0 
7fd51bd0c000-7fd51bdac000 rw-p 00000000 00:00 0 
7fd51bdac000-7fd51bdc7000 rw-p 00000000 00:00 0 
7fd51bdc7000-7fd51c16d000 ---p 00000000 00:00 0 
7fd51c16d000-7fd51c7bd000 rwxp 00000000 00:00 0 
7fd51c7bd000-7fd52b16d000 ---p 00000000 00:00 0 
7fd52b16d000-7fd52b189000 r-xp 00000000 08:08 6428695                    /usr/lib/jvm/java-8-oracle/jre/lib/amd64/libzip.so
7fd52b189000-7fd52b388000 ---p 0001c000 08:08 6428695                    /usr/lib/jvm/java-8-oracle/jre/lib/amd64/libzip.so
7fd52b388000-7fd52b389000 rw-p 0001b000 08:08 6428695                    /usr/lib/jvm/java-8-oracle/jre/lib/amd64/libzip.so
7fd52b389000-7fd52b395000 r-xp 00000000 08:08 11014081                   /lib/x86_64-linux-gnu/libnss_files-2.17.so
7fd52b395000-7fd52b594000 ---p 0000c000 08:08 11014081                   /lib/x86_64-linux-gnu/libnss_files-2.17.so
7fd52b594000-7fd52b595000 r--p 0000b000 08:08 11014081                   /lib/x86_64-linux-gnu/libnss_files-2.17.so
7fd52b595000-7fd52b596000 rw-p 0000c000 08:08 11014081                   /lib/x86_64-linux-gnu/libnss_files-2.17.so
7fd52b596000-7fd52b5a1000 r-xp 00000000 08:08 11013929                   /lib/x86_64-linux-gnu/libnss_nis-2.17.so
7fd52b5a1000-7fd52b7a0000 ---p 0000b000 08:08 11013929                   /lib/x86_64-linux-gnu/libnss_nis-2.17.so
7fd52b7a0000-7fd52b7a1000 r--p 0000a000 08:08 11013929                   /lib/x86_64-linux-gnu/libnss_nis-2.17.so
7fd52b7a1000-7fd52b7a2000 rw-p 0000b000 08:08 11013929                   /lib/x86_64-linux-gnu/libnss_nis-2.17.so
7fd52b7a2000-7fd52b7b9000 r-xp 00000000 08:08 11010860                   /lib/x86_64-linux-gnu/libnsl-2.17.so
7fd52b7b9000-7fd52b9b8000 ---p 00017000 08:08 11010860                   /lib/x86_64-linux-gnu/libnsl-2.17.so
7fd52b9b8000-7fd52b9b9000 r--p 00016000 08:08 11010860                   /lib/x86_64-linux-gnu/libnsl-2.17.so
7fd52b9b9000-7fd52b9ba000 rw-p 00017000 08:08 11010860                   /lib/x86_64-linux-gnu/libnsl-2.17.so
7fd52b9ba000-7fd52b9bc000 rw-p 00000000 00:00 0 
7fd52b9bc000-7fd52b9c4000 r-xp 00000000 08:08 11013755                   /lib/x86_64-linux-gnu/libnss_compat-2.17.so
7fd52b9c4000-7fd52bbc3000 ---p 00008000 08:08 11013755                   /lib/x86_64-linux-gnu/libnss_compat-2.17.so
7fd52bbc3000-7fd52bbc4000 r--p 00007000 08:08 11013755                   /lib/x86_64-linux-gnu/libnss_compat-2.17.so
7fd52bbc4000-7fd52bbc5000 rw-p 00008000 08:08 11013755                   /lib/x86_64-linux-gnu/libnss_compat-2.17.so
7fd52bbc5000-7fd52bbef000 r-xp 00000000 08:08 6428680                    /usr/lib/jvm/java-8-oracle/jre/lib/amd64/libjava.so
7fd52bbef000-7fd52bdef000 ---p 0002a000 08:08 6428680                    /usr/lib/jvm/java-8-oracle/jre/lib/amd64/libjava.so
7fd52bdef000-7fd52bdf1000 rw-p 0002a000 08:08 6428680                    /usr/lib/jvm/java-8-oracle/jre/lib/amd64/libjava.so
7fd52bdf1000-7fd52bdfe000 r-xp 00000000 08:08 6428689                    /usr/lib/jvm/java-8-oracle/jre/lib/amd64/libverify.so
7fd52bdfe000-7fd52bffe000 ---p 0000d000 08:08 6428689                    /usr/lib/jvm/java-8-oracle/jre/lib/amd64/libverify.so
7fd52bffe000-7fd52c000000 rw-p 0000d000 08:08 6428689                    /usr/lib/jvm/java-8-oracle/jre/lib/amd64/libverify.so
7fd52c000000-7fd52d0ff000 rw-p 00000000 00:00 0 
7fd52d0ff000-7fd530000000 ---p 00000000 00:00 0 
7fd530001000-7fd530002000 rw-p 00000000 00:00 0 
7fd530002000-7fd530006000 r--s 00094000 08:08 6036177                    /usr/lib/jvm/java-8-oracle/jre/lib/jsse.jar
7fd530006000-7fd5300af000 rw-p 00000000 00:00 0 
7fd5300af000-7fd5301dd000 ---p 00000000 00:00 0 
7fd5301dd000-7fd5301e4000 r-xp 00000000 08:08 11014098                   /lib/x86_64-linux-gnu/librt-2.17.so
7fd5301e4000-7fd5303e3000 ---p 00007000 08:08 11014098                   /lib/x86_64-linux-gnu/librt-2.17.so
7fd5303e3000-7fd5303e4000 r--p 00006000 08:08 11014098                   /lib/x86_64-linux-gnu/librt-2.17.so
7fd5303e4000-7fd5303e5000 rw-p 00007000 08:08 11014098                   /lib/x86_64-linux-gnu/librt-2.17.so
7fd5303e5000-7fd5304e8000 r-xp 00000000 08:08 11013772                   /lib/x86_64-linux-gnu/libm-2.17.so
7fd5304e8000-7fd5306e7000 ---p 00103000 08:08 11013772                   /lib/x86_64-linux-gnu/libm-2.17.so
7fd5306e7000-7fd5306e8000 r--p 00102000 08:08 11013772                   /lib/x86_64-linux-gnu/libm-2.17.so
7fd5306e8000-7fd5306e9000 rw-p 00103000 08:08 11013772                   /lib/x86_64-linux-gnu/libm-2.17.so
7fd5306e9000-7fd5312fe000 r-xp 00000000 08:08 6428692                    /usr/lib/jvm/java-8-oracle/jre/lib/amd64/server/libjvm.so
7fd5312fe000-7fd5314fe000 ---p 00c15000 08:08 6428692                    /usr/lib/jvm/java-8-oracle/jre/lib/amd64/server/libjvm.so
7fd5314fe000-7fd5315c7000 rw-p 00c15000 08:08 6428692                    /usr/lib/jvm/java-8-oracle/jre/lib/amd64/server/libjvm.so
7fd5315c7000-7fd531608000 rw-p 00000000 00:00 0 
7fd531608000-7fd5317c5000 r-xp 00000000 08:08 11014105                   /lib/x86_64-linux-gnu/libc-2.17.so
7fd5317c5000-7fd5319c5000 ---p 001bd000 08:08 11014105                   /lib/x86_64-linux-gnu/libc-2.17.so
7fd5319c5000-7fd5319c9000 r--p 001bd000 08:08 11014105                   /lib/x86_64-linux-gnu/libc-2.17.so
7fd5319c9000-7fd5319cb000 rw-p 001c1000 08:08 11014105                   /lib/x86_64-linux-gnu/libc-2.17.so
7fd5319cb000-7fd5319d0000 rw-p 00000000 00:00 0 
7fd5319d0000-7fd5319d3000 r-xp 00000000 08:08 11014107                   /lib/x86_64-linux-gnu/libdl-2.17.so
7fd5319d3000-7fd531bd2000 ---p 00003000 08:08 11014107                   /lib/x86_64-linux-gnu/libdl-2.17.so
7fd531bd2000-7fd531bd3000 r--p 00002000 08:08 11014107                   /lib/x86_64-linux-gnu/libdl-2.17.so
7fd531bd3000-7fd531bd4000 rw-p 00003000 08:08 11014107                   /lib/x86_64-linux-gnu/libdl-2.17.so
7fd531bd4000-7fd531beb000 r-xp 00000000 08:08 6425387                    /usr/lib/jvm/java-8-oracle/jre/lib/amd64/jli/libjli.so
7fd531beb000-7fd531dea000 ---p 00017000 08:08 6425387                    /usr/lib/jvm/java-8-oracle/jre/lib/amd64/jli/libjli.so
7fd531dea000-7fd531deb000 rw-p 00016000 08:08 6425387                    /usr/lib/jvm/java-8-oracle/jre/lib/amd64/jli/libjli.so
7fd531deb000-7fd531e02000 r-xp 00000000 08:08 11016570                   /lib/x86_64-linux-gnu/libpthread-2.17.so
7fd531e02000-7fd532002000 ---p 00017000 08:08 11016570                   /lib/x86_64-linux-gnu/libpthread-2.17.so
7fd532002000-7fd532003000 r--p 00017000 08:08 11016570                   /lib/x86_64-linux-gnu/libpthread-2.17.so
7fd532003000-7fd532004000 rw-p 00018000 08:08 11016570                   /lib/x86_64-linux-gnu/libpthread-2.17.so
7fd532004000-7fd532008000 rw-p 00000000 00:00 0 
7fd532008000-7fd53202b000 r-xp 00000000 08:08 11013926                   /lib/x86_64-linux-gnu/ld-2.17.so
7fd53202b000-7fd53202d000 r--s 00004000 08:08 2097914                    /home/marat/.m2/repository/org/clojure/java.jdbc/0.3.0-beta2/java.jdbc-0.3.0-beta2.jar
7fd53202d000-7fd532032000 r--s 00309000 08:08 2097907                    /home/marat/.m2/repository/org/xerial/sqlite-jdbc/3.7.2/sqlite-jdbc-3.7.2.jar
7fd532032000-7fd532034000 r--s 00008000 08:08 1442546                    /home/marat/.m2/repository/org/clojure/tools.nrepl/0.2.3/tools.nrepl-0.2.3.jar
7fd532034000-7fd532105000 rw-p 00000000 00:00 0 
7fd532105000-7fd532108000 ---p 00000000 00:00 0 
7fd532108000-7fd53220a000 rw-p 00000000 00:00 0                          [stack:6953]
7fd53220a000-7fd53220b000 r--s 00000000 08:08 1442548                    /home/marat/.m2/repository/clojure-complete/clojure-complete/0.2.3/clojure-complete-0.2.3.jar
7fd53220b000-7fd53221e000 rw-p 00000000 00:00 0 
7fd53221e000-7fd532226000 rw-s 00000000 08:08 6947613                    /tmp/hsperfdata_marat/6947
7fd532226000-7fd532227000 rw-p 00000000 00:00 0 
7fd532227000-7fd532228000 r--p 00000000 00:00 0 
7fd532228000-7fd53222a000 rw-p 00000000 00:00 0 
7fd53222a000-7fd53222b000 r--p 00022000 08:08 11013926                   /lib/x86_64-linux-gnu/ld-2.17.so
7fd53222b000-7fd53222d000 rw-p 00023000 08:08 11013926                   /lib/x86_64-linux-gnu/ld-2.17.so
7fff1f144000-7fff1f165000 rw-p 00000000 00:00 0                          [stack]
7fff1f1fe000-7fff1f200000 r-xp 00000000 00:00 0                          [vdso]
ffffffffff600000-ffffffffff601000 r-xp 00000000 00:00 0                  [vsyscall]

VM Arguments:
jvm_args: -XX:+TieredCompilation -XX:TieredStopAtLevel=1 -Dclojure.compile.path=/home/marat/zakupki-gov-parser/target/classes -Dzakupki-gov-parser.version=0.1.0-SNAPSHOT -Dfile.encoding=UTF-8 -Dclojure.debug=false 
java_command: clojure.main -i /tmp/form-init3867008001827681632.clj
java_class_path (initial): /home/marat/zakupki-gov-parser/test:/home/marat/zakupki-gov-parser/src:/home/marat/zakupki-gov-parser/dev-resources:/home/marat/zakupki-gov-parser/resources:/home/marat/zakupki-gov-parser/target/classes:/home/marat/.m2/repository/clojure-complete/clojure-complete/0.2.3/clojure-complete-0.2.3.jar:/home/marat/.m2/repository/org/clojure/tools.nrepl/0.2.3/tools.nrepl-0.2.3.jar:/home/marat/.m2/repository/org/xerial/sqlite-jdbc/3.7.2/sqlite-jdbc-3.7.2.jar:/home/marat/.m2/repository/org/clojure/java.jdbc/0.3.0-beta2/java.jdbc-0.3.0-beta2.jar:/home/marat/.m2/repository/org/clojure/clojure/1.5.1/clojure-1.5.1.jar
Launcher Type: SUN_STANDARD

Environment Variables:
CLASSPATH=:/home/marat/.lein/self-installs/leiningen-2.3.4-standalone.jar
PATH=/home/marat/bin:/usr/lib/lightdm/lightdm:/usr/local/sbin:/usr/local/bin:/usr/sbin:/usr/bin:/sbin:/bin:/usr/games:/usr/local/games:/home/marat/bin:/home/marat/bin
SHELL=/bin/bash
DISPLAY=:0

Signal Handlers:
SIGSEGV: [libjvm.so+0xa2c730], sa_mask[0]=0x7ffbfeff, sa_flags=0x10000004
SIGBUS: [libjvm.so+0xa2c730], sa_mask[0]=0x7ffbfeff, sa_flags=0x10000004
SIGFPE: [libjvm.so+0x898be0], sa_mask[0]=0x7ffbfeff, sa_flags=0x10000004
SIGPIPE: [libjvm.so+0x898be0], sa_mask[0]=0x7ffbfeff, sa_flags=0x10000004
SIGXFSZ: [libjvm.so+0x898be0], sa_mask[0]=0x7ffbfeff, sa_flags=0x10000004
SIGILL: [libjvm.so+0x898be0], sa_mask[0]=0x7ffbfeff, sa_flags=0x10000004
SIGUSR1: SIG_DFL, sa_mask[0]=0x00000000, sa_flags=0x00000000
SIGUSR2: [libjvm.so+0x89a380], sa_mask[0]=0x00000004, sa_flags=0x10000004
SIGHUP: [libjvm.so+0x89b630], sa_mask[0]=0x7ffbfeff, sa_flags=0x10000004
SIGINT: [libjvm.so+0x89b630], sa_mask[0]=0x7ffbfeff, sa_flags=0x10000004
SIGTERM: [libjvm.so+0x89b630], sa_mask[0]=0x7ffbfeff, sa_flags=0x10000004
SIGQUIT: [libjvm.so+0x89b630], sa_mask[0]=0x7ffbfeff, sa_flags=0x10000004


---------------  S Y S T E M  ---------------

OS:DISTRIB_ID=Ubuntu
DISTRIB_RELEASE=13.10
DISTRIB_CODENAME=saucy
DISTRIB_DESCRIPTION="Ubuntu 13.10"

uname:Linux 3.11.0-13-generic #20-Ubuntu SMP Wed Oct 23 07:38:26 UTC 2013 x86_64
libc:glibc 2.17 NPTL 2.17 
rlimit: STACK 8515k, CORE 0k, NPROC 29133, NOFILE 4096, AS infinity
load average:0,74 0,79 0,73

/proc/meminfo:
MemTotal:        3931808 kB
MemFree:          294164 kB
Buffers:           54264 kB
Cached:           985744 kB
SwapCached:         7796 kB
Active:          2350972 kB
Inactive:        1050908 kB
Active(anon):    2198880 kB
Inactive(anon):   731248 kB
Active(file):     152092 kB
Inactive(file):   319660 kB
Unevictable:          92 kB
Mlocked:              92 kB
SwapTotal:       4077564 kB
SwapFree:        4022216 kB
Dirty:               780 kB
Writeback:             0 kB
AnonPages:       2354972 kB
Mapped:           253568 kB
Shmem:            568272 kB
Slab:             103784 kB
SReclaimable:      61556 kB
SUnreclaim:        42228 kB
KernelStack:        6296 kB
PageTables:        59884 kB
NFS_Unstable:          0 kB
Bounce:                0 kB
WritebackTmp:          0 kB
CommitLimit:     6043468 kB
Committed_AS:    8350444 kB
VmallocTotal:   34359738367 kB
VmallocUsed:      430628 kB
VmallocChunk:   34359266172 kB
HardwareCorrupted:     0 kB
AnonHugePages:         0 kB
HugePages_Total:       0
HugePages_Free:        0
HugePages_Rsvd:        0
HugePages_Surp:        0
Hugepagesize:       2048 kB
DirectMap4k:       67800 kB
DirectMap2M:     4081664 kB


CPU:total 4 (2 cores per cpu, 2 threads per core) family 6 model 58 stepping 9, cmov, cx8, fxsr, mmx, sse, sse2, sse3, ssse3, sse4.1, sse4.2, popcnt, avx, aes, clmul, erms, ht, tsc, tscinvbit

/proc/cpuinfo:
processor	: 0
vendor_id	: GenuineIntel
cpu family	: 6
model		: 58
model name	: Intel(R) Core(TM) i5-3317U CPU @ 1.70GHz
stepping	: 9
microcode	: 0x15
cpu MHz		: 800.000
cache size	: 3072 KB
physical id	: 0
siblings	: 4
core id		: 0
cpu cores	: 2
apicid		: 0
initial apicid	: 0
fpu		: yes
fpu_exception	: yes
cpuid level	: 13
wp		: yes
flags		: fpu vme de pse tsc msr pae mce cx8 apic sep mtrr pge mca cmov pat pse36 clflush dts acpi mmx fxsr sse sse2 ss ht tm pbe syscall nx rdtscp lm constant_tsc arch_perfmon pebs bts rep_good nopl xtopology nonstop_tsc aperfmperf eagerfpu pni pclmulqdq dtes64 monitor ds_cpl vmx est tm2 ssse3 cx16 xtpr pdcm pcid sse4_1 sse4_2 x2apic popcnt tsc_deadline_timer aes xsave avx f16c rdrand lahf_lm ida arat epb xsaveopt pln pts dtherm tpr_shadow vnmi flexpriority ept vpid fsgsbase smep erms
bogomips	: 3392.59
clflush size	: 64
cache_alignment	: 64
address sizes	: 36 bits physical, 48 bits virtual
power management:

processor	: 1
vendor_id	: GenuineIntel
cpu family	: 6
model		: 58
model name	: Intel(R) Core(TM) i5-3317U CPU @ 1.70GHz
stepping	: 9
microcode	: 0x15
cpu MHz		: 1300.000
cache size	: 3072 KB
physical id	: 0
siblings	: 4
core id		: 1
cpu cores	: 2
apicid		: 2
initial apicid	: 2
fpu		: yes
fpu_exception	: yes
cpuid level	: 13
wp		: yes
flags		: fpu vme de pse tsc msr pae mce cx8 apic sep mtrr pge mca cmov pat pse36 clflush dts acpi mmx fxsr sse sse2 ss ht tm pbe syscall nx rdtscp lm constant_tsc arch_perfmon pebs bts rep_good nopl xtopology nonstop_tsc aperfmperf eagerfpu pni pclmulqdq dtes64 monitor ds_cpl vmx est tm2 ssse3 cx16 xtpr pdcm pcid sse4_1 sse4_2 x2apic popcnt tsc_deadline_timer aes xsave avx f16c rdrand lahf_lm ida arat epb xsaveopt pln pts dtherm tpr_shadow vnmi flexpriority ept vpid fsgsbase smep erms
bogomips	: 3392.59
clflush size	: 64
cache_alignment	: 64
address sizes	: 36 bits physical, 48 bits virtual
power management:

processor	: 2
vendor_id	: GenuineIntel
cpu family	: 6
model		: 58
model name	: Intel(R) Core(TM) i5-3317U CPU @ 1.70GHz
stepping	: 9
microcode	: 0x15
cpu MHz		: 800.000
cache size	: 3072 KB
physical id	: 0
siblings	: 4
core id		: 0
cpu cores	: 2
apicid		: 1
initial apicid	: 1
fpu		: yes
fpu_exception	: yes
cpuid level	: 13
wp		: yes
flags		: fpu vme de pse tsc msr pae mce cx8 apic sep mtrr pge mca cmov pat pse36 clflush dts acpi mmx fxsr sse sse2 ss ht tm pbe syscall nx rdtscp lm constant_tsc arch_perfmon pebs bts rep_good nopl xtopology nonstop_tsc aperfmperf eagerfpu pni pclmulqdq dtes64 monitor ds_cpl vmx est tm2 ssse3 cx16 xtpr pdcm pcid sse4_1 sse4_2 x2apic popcnt tsc_deadline_timer aes xsave avx f16c rdrand lahf_lm ida arat epb xsaveopt pln pts dtherm tpr_shadow vnmi flexpriority ept vpid fsgsbase smep erms
bogomips	: 3392.59
clflush size	: 64
cache_alignment	: 64
address sizes	: 36 bits physical, 48 bits virtual
power management:

processor	: 3
vendor_id	: GenuineIntel
cpu family	: 6
model		: 58
model name	: Intel(R) Core(TM) i5-3317U CPU @ 1.70GHz
stepping	: 9
microcode	: 0x15
cpu MHz		: 1701.000
cache size	: 3072 KB
physical id	: 0
siblings	: 4
core id		: 1
cpu cores	: 2
apicid		: 3
initial apicid	: 3
fpu		: yes
fpu_exception	: yes
cpuid level	: 13
wp		: yes
flags		: fpu vme de pse tsc msr pae mce cx8 apic sep mtrr pge mca cmov pat pse36 clflush dts acpi mmx fxsr sse sse2 ss ht tm pbe syscall nx rdtscp lm constant_tsc arch_perfmon pebs bts rep_good nopl xtopology nonstop_tsc aperfmperf eagerfpu pni pclmulqdq dtes64 monitor ds_cpl vmx est tm2 ssse3 cx16 xtpr pdcm pcid sse4_1 sse4_2 x2apic popcnt tsc_deadline_timer aes xsave avx f16c rdrand lahf_lm ida arat epb xsaveopt pln pts dtherm tpr_shadow vnmi flexpriority ept vpid fsgsbase smep erms
bogomips	: 3392.59
clflush size	: 64
cache_alignment	: 64
address sizes	: 36 bits physical, 48 bits virtual
power management:



Memory: 4k page, physical 3931808k(294164k free), swap 4077564k(4022216k free)

vm_info: Java HotSpot(TM) 64-Bit Server VM (25.0-b57) for linux-amd64 JRE (1.8.0-ea-b115), built on Nov  7 2013 07:33:21 by "java_re" with gcc 4.3.0 20080428 (Red Hat 4.3.0-8)

time: Sat Nov 30 18:58:54 2013
elapsed time: 4923 seconds

